[debug] [2026-01-25T18:16:00.621Z] ----------------------------------------------------------------------
[debug] [2026-01-25T18:16:00.622Z] Command:       /Users/davidgaston/.nvm/versions/node/v18.20.8/bin/node /Users/davidgaston/.nvm/versions/node/v18.20.8/bin/firebase deploy --only hosting
[debug] [2026-01-25T18:16:00.622Z] CLI Version:   13.35.1
[debug] [2026-01-25T18:16:00.622Z] Platform:      darwin
[debug] [2026-01-25T18:16:00.622Z] Node Version:  v18.20.8
[debug] [2026-01-25T18:16:00.627Z] Time:          Sun Jan 25 2026 19:16:00 GMT+0100 (Central European Standard Time)
[debug] [2026-01-25T18:16:00.627Z] ----------------------------------------------------------------------
[debug] 
[debug] [2026-01-25T18:16:00.705Z] > command requires scopes: ["email","openid","https://www.googleapis.com/auth/cloudplatformprojects.readonly","https://www.googleapis.com/auth/firebase","https://www.googleapis.com/auth/cloud-platform"]
[debug] [2026-01-25T18:16:00.705Z] > authorizing via signed-in user (gastonortigosa@gmail.com)
[debug] [2026-01-25T18:16:00.705Z] [iam] checking project nsoluciones-68554 for permissions ["firebase.projects.get","firebasehosting.sites.update"]
[debug] [2026-01-25T18:16:00.706Z] Checked if tokens are valid: true, expires at: 1769368334219
[debug] [2026-01-25T18:16:00.706Z] Checked if tokens are valid: true, expires at: 1769368334219
[debug] [2026-01-25T18:16:00.706Z] >>> [apiv2][query] POST https://cloudresourcemanager.googleapis.com/v1/projects/nsoluciones-68554:testIamPermissions [none]
[debug] [2026-01-25T18:16:00.706Z] >>> [apiv2][(partial)header] POST https://cloudresourcemanager.googleapis.com/v1/projects/nsoluciones-68554:testIamPermissions x-goog-quota-user=projects/nsoluciones-68554
[debug] [2026-01-25T18:16:00.706Z] >>> [apiv2][body] POST https://cloudresourcemanager.googleapis.com/v1/projects/nsoluciones-68554:testIamPermissions {"permissions":["firebase.projects.get","firebasehosting.sites.update"]}
[debug] [2026-01-25T18:16:01.179Z] <<< [apiv2][status] POST https://cloudresourcemanager.googleapis.com/v1/projects/nsoluciones-68554:testIamPermissions 200
[debug] [2026-01-25T18:16:01.179Z] <<< [apiv2][body] POST https://cloudresourcemanager.googleapis.com/v1/projects/nsoluciones-68554:testIamPermissions {"permissions":["firebase.projects.get","firebasehosting.sites.update"]}
[debug] [2026-01-25T18:16:01.180Z] Checked if tokens are valid: true, expires at: 1769368334219
[debug] [2026-01-25T18:16:01.180Z] Checked if tokens are valid: true, expires at: 1769368334219
[debug] [2026-01-25T18:16:01.181Z] >>> [apiv2][query] GET https://firebase.googleapis.com/v1beta1/projects/nsoluciones-68554 [none]
[debug] [2026-01-25T18:16:01.495Z] <<< [apiv2][status] GET https://firebase.googleapis.com/v1beta1/projects/nsoluciones-68554 200
[debug] [2026-01-25T18:16:01.495Z] <<< [apiv2][body] GET https://firebase.googleapis.com/v1beta1/projects/nsoluciones-68554 {"projectId":"nsoluciones-68554","projectNumber":"492017983963","displayName":"2NSoluciones","name":"projects/nsoluciones-68554","resources":{"hostingSite":"nsoluciones-68554"},"state":"ACTIVE","etag":"1_f5632f5b-6af3-457e-a9a1-c1f9127d26b7"}
[info] 
[info] === Deploying to 'nsoluciones-68554'...
[info] 
[info] i  deploying hosting 
[debug] [2026-01-25T18:16:01.504Z] Checked if tokens are valid: true, expires at: 1769368334219
[debug] [2026-01-25T18:16:01.505Z] Checked if tokens are valid: true, expires at: 1769368334219
[debug] [2026-01-25T18:16:01.505Z] >>> [apiv2][query] POST https://firebasehosting.googleapis.com/v1beta1/projects/-/sites/specifications-solutions-2n/versions [none]
[debug] [2026-01-25T18:16:01.505Z] >>> [apiv2][body] POST https://firebasehosting.googleapis.com/v1beta1/projects/-/sites/specifications-solutions-2n/versions {"status":"CREATED","labels":{"deployment-tool":"cli-firebase"}}
[debug] [2026-01-25T18:16:02.608Z] <<< [apiv2][status] POST https://firebasehosting.googleapis.com/v1beta1/projects/-/sites/specifications-solutions-2n/versions 200
[debug] [2026-01-25T18:16:02.608Z] <<< [apiv2][body] POST https://firebasehosting.googleapis.com/v1beta1/projects/-/sites/specifications-solutions-2n/versions {"name":"projects/492017983963/sites/specifications-solutions-2n/versions/9b222788cda04610","status":"CREATED","config":{},"labels":{"deployment-tool":"cli-firebase"}}
[info] i  hosting[specifications-solutions-2n]: beginning deploy... 
[info] i  hosting[specifications-solutions-2n]: found 9175 files in . 
[debug] [2026-01-25T18:16:02.960Z] [hosting] uploading with 200 concurrency
